#
# A fatal error has been detected by the Java Runtime Environment:
#
#  Internal Error (javaClasses.cpp:129), pid=5764, tid=4904
#  fatal error: Invalid layout of preloaded class
#
# JRE version: 7.0_09-b05
# Java VM: Java HotSpot(TM) 64-Bit Server VM (23.5-b02 mixed mode windows-amd64 compressed oops)
# Failed to write core dump. Minidumps are not enabled by default on client versions of Windows
#
# If you would like to submit a bug report, please visit:
#   http://bugreport.sun.com/bugreport/crash.jsp
#

---------------  T H R E A D  ---------------

Current thread (0x0000000001d8e800):  JavaThread "Unknown thread" [_thread_in_vm, id=4904, stack(0x0000000001e90000,0x0000000001f90000)]

Stack: [0x0000000001e90000,0x0000000001f90000]

---------------  P R O C E S S  ---------------

Java Threads: ( => current thread )

Other Threads:

=>0x0000000001d8e800 (exited) JavaThread "Unknown thread" [_thread_in_vm, id=4904, stack(0x0000000001e90000,0x0000000001f90000)]

VM state:not at safepoint (not fully initialized)

VM Mutex/Monitor currently owned by a thread: None

GC Heap History (0 events):
No events

Deoptimization events (0 events):
No events

Internal exceptions (0 events):
No events

Events (10 events):
Event: 0.034 loading class 0x0000000001fd9060 done
Event: 0.035 loading class 0x0000000001fd8d30 done
Event: 0.035 loading class 0x0000000001fd8d90
Event: 0.035 loading class 0x000000000ad8de50
Event: 0.035 loading class 0x000000000ad8de50 done
Event: 0.035 loading class 0x000000000ad8d190
Event: 0.035 loading class 0x000000000ad8d190 done
Event: 0.035 loading class 0x000000000ad8c900
Event: 0.035 loading class 0x000000000ad8c900 done
Event: 0.035 loading class 0x0000000001fd8d90 done


Dynamic libraries:
0x000007f7a9980000 - 0x000007f7a99b4000 	C:\Program Files\Java\jdk1.7.0_09\bin\javaw.exe
0x000007fd98520000 - 0x000007fd986de000 	C:\WINDOWS\SYSTEM32\ntdll.dll
0x000007fd977f0000 - 0x000007fd97926000 	C:\WINDOWS\system32\KERNEL32.DLL
0x000007fd95730000 - 0x000007fd95823000 	C:\WINDOWS\system32\KERNELBASE.dll
0x000007fd96040000 - 0x000007fd9611e000 	C:\WINDOWS\system32\ADVAPI32.dll
0x000007fd97c10000 - 0x000007fd97d5c000 	C:\WINDOWS\system32\USER32.dll
0x000007fd945a0000 - 0x000007fd94809000 	C:\WINDOWS\WinSxS\amd64_microsoft.windows.common-controls_6595b64144ccf1df_6.0.9200.16384_none_418c2a697189c07f\COMCTL32.dll
0x000007fd959c0000 - 0x000007fd95a65000 	C:\WINDOWS\system32\msvcrt.dll
0x000007fd95970000 - 0x000007fd959b8000 	C:\WINDOWS\SYSTEM32\sechost.dll
0x000007fd97530000 - 0x000007fd97670000 	C:\WINDOWS\system32\RPCRT4.dll
0x000007fd95c80000 - 0x000007fd95dc0000 	C:\WINDOWS\system32\GDI32.dll
0x000007fd97670000 - 0x000007fd976a9000 	C:\WINDOWS\system32\IMM32.DLL
0x000007fd97410000 - 0x000007fd97524000 	C:\WINDOWS\system32\MSCTF.dll
0x00000000688a0000 - 0x0000000068971000 	C:\Program Files\Java\jdk1.7.0_09\jre\bin\msvcr100.dll
0x00000000670b0000 - 0x00000000677cf000 	C:\Program Files\Java\jdk1.7.0_09\jre\bin\server\jvm.dll
0x000007fd8e070000 - 0x000007fd8e079000 	C:\WINDOWS\SYSTEM32\WSOCK32.dll
0x000007fd90dd0000 - 0x000007fd90df0000 	C:\WINDOWS\SYSTEM32\WINMM.dll
0x000007fd97930000 - 0x000007fd97937000 	C:\WINDOWS\system32\PSAPI.DLL
0x000007fd95dd0000 - 0x000007fd95e28000 	C:\WINDOWS\system32\WS2_32.dll
0x000007fd90d50000 - 0x000007fd90d82000 	C:\WINDOWS\SYSTEM32\WINMMBASE.dll
0x000007fd98510000 - 0x000007fd98519000 	C:\WINDOWS\system32\NSI.dll
0x0000000068890000 - 0x000000006889f000 	C:\Program Files\Java\jdk1.7.0_09\jre\bin\verify.dll
0x0000000068860000 - 0x0000000068888000 	C:\Program Files\Java\jdk1.7.0_09\jre\bin\java.dll
0x0000000068840000 - 0x0000000068855000 	C:\Program Files\Java\jdk1.7.0_09\jre\bin\zip.dll

VM Arguments:
jvm_args: -Dfile.encoding=Cp1252 -Xbootclasspath:C:\android\sdk\platforms\android-4.2\android.jar 
java_command: at.jku.tfeichtinger.sensorlogger.database.DatabaseConfigUtil
Launcher Type: SUN_STANDARD

Environment Variables:
JAVA_HOME=C:\Program Files\Java\jdk1.6.0_25
CLASSPATH=C:\libs\libsvm-3.11\java\libsvm.jar;C:\Program Files\Weka-3-6\weka.jar
PATH=C:\PROGRAM FILES\COMMON FILES\MICROSOFT SHARED\WINDOWS LIVE;C:\PROGRAM FILES (X86)\COMMON FILES\MICROSOFT SHARED\WINDOWS LIVE;C:\PROGRAM FILES\MIKTEX 2.9\MIKTEX\BIN\X64;C:\WINDOWS\SYSTEM32;C:\WINDOWS;C:\WINDOWS\SYSTEM32\WBEM;C:\WINDOWS\SYSTEM32\WINDOWSPOWERSHELL\V1.0\;C:\PROGRAM FILES (X86)\LENOVO\ACCESS CONNECTIONS\;C:\PROGRAM FILES (X86)\INTEL\SERVICES\IPT\;C:\PROGRAM FILES (X86)\WINDOWS LIVE\SHARED;C:\PROGRAM FILES\JAVA\JDK1.6.0_25\BIN;C:\PROGRAM FILES\TORTOISESVN\BIN;C:\WINDOWS\system32;C:\WINDOWS;C:\WINDOWS\System32\Wbem;C:\WINDOWS\System32\WindowsPowerShell\v1.0\;C:\Program Files\SlikSvn\bin;C:\Program Files\apache-ant-1.8.2\bin;C:\Program Files\Java\jdk1.6.0_25\bin;C:\Program Files (x86)\Android\android-sdk\platform-tools;C:\Users\Thomas\AppData\Roaming\MiKTeX\2.9\miktex/bin/x64\;C:\android\sdk\platform-tools
USERNAME=Thomas
OS=Windows_NT
PROCESSOR_IDENTIFIER=Intel64 Family 6 Model 42 Stepping 7, GenuineIntel



---------------  S Y S T E M  ---------------

OS: Windows 8 , 64 bit Build 9200 

CPU:total 4 (2 cores per cpu, 2 threads per core) family 6 model 42 stepping 7, cmov, cx8, fxsr, mmx, sse, sse2, sse3, ssse3, sse4.1, sse4.2, popcnt, avx, ht, tsc, tscinvbit

Memory: 4k page, physical 8273116k(5919924k free), swap 16661724k(13916872k free)

vm_info: Java HotSpot(TM) 64-Bit Server VM (23.5-b02) for windows-amd64 JRE (1.7.0_09-b05), built on Sep 24 2012 21:45:04 by "java_re" with unknown MS VC++:1600

time: Sun Nov 25 15:10:36 2012
elapsed time: 0 seconds

